14:29:36.011 [restartedMain] INFO  com.xw.taes.TaesApplication - Starting TaesApplication on A9 with PID 9368 (D:\workspace2020\taes\target\classes started by Administrator in D:\workspace2020\taes)
14:29:36.042 [restartedMain] INFO  com.xw.taes.TaesApplication - The following profiles are active: dev
14:29:38.230 [restartedMain] INFO  org.apache.coyote.http11.Http11NioProtocol - Initializing ProtocolHandler ["http-nio-9981"]
14:29:38.231 [restartedMain] INFO  org.apache.catalina.core.StandardService - Starting service [Tomcat]
14:29:38.231 [restartedMain] INFO  org.apache.catalina.core.StandardEngine - Starting Servlet engine: [Apache Tomcat/9.0.36]
14:29:38.532 [restartedMain] INFO  org.apache.jasper.servlet.TldScanner - At least one JAR was scanned for TLDs yet contained no TLDs. Enable debug logging for this logger for a complete list of JARs that were scanned but no TLDs were found in them. Skipping unneeded JARs during scanning can improve startup time and JSP compilation time.
14:29:38.537 [restartedMain] INFO  org.apache.catalina.core.ContainerBase.[Tomcat].[localhost].[/] - Initializing Spring embedded WebApplicationContext
14:29:39.056 [restartedMain] INFO  springfox.documentation.spring.web.PropertySourcedRequestMappingHandlerMapping - Mapped URL path [/v2/api-docs] onto method [springfox.documentation.swagger2.web.Swagger2Controller#getDocumentation(String, HttpServletRequest)]
14:29:39.432 [restartedMain] INFO  org.apache.coyote.http11.Http11NioProtocol - Starting ProtocolHandler ["http-nio-9981"]
14:29:39.463 [restartedMain] INFO  springfox.documentation.spring.web.plugins.DocumentationPluginsBootstrapper - Context refreshed
14:29:39.479 [restartedMain] INFO  springfox.documentation.spring.web.plugins.DocumentationPluginsBootstrapper - Found 1 custom documentation plugin(s)
14:29:39.516 [restartedMain] INFO  springfox.documentation.spring.web.scanners.ApiListingReferenceScanner - Scanning for api listing references
14:29:39.670 [restartedMain] INFO  springfox.documentation.spring.web.readers.operation.CachingOperationNameGenerator - Generating unique operation named: errorUsingGET_1
14:29:39.671 [restartedMain] INFO  springfox.documentation.spring.web.readers.operation.CachingOperationNameGenerator - Generating unique operation named: errorUsingHEAD_1
14:29:39.672 [restartedMain] INFO  springfox.documentation.spring.web.readers.operation.CachingOperationNameGenerator - Generating unique operation named: errorUsingPOST_1
14:29:39.673 [restartedMain] INFO  springfox.documentation.spring.web.readers.operation.CachingOperationNameGenerator - Generating unique operation named: errorUsingPUT_1
14:29:39.675 [restartedMain] INFO  springfox.documentation.spring.web.readers.operation.CachingOperationNameGenerator - Generating unique operation named: errorUsingPATCH_1
14:29:39.676 [restartedMain] INFO  springfox.documentation.spring.web.readers.operation.CachingOperationNameGenerator - Generating unique operation named: errorUsingDELETE_1
14:29:39.677 [restartedMain] INFO  springfox.documentation.spring.web.readers.operation.CachingOperationNameGenerator - Generating unique operation named: errorUsingOPTIONS_1
14:29:39.679 [restartedMain] INFO  springfox.documentation.spring.web.readers.operation.CachingOperationNameGenerator - Generating unique operation named: errorUsingTRACE_1
14:29:39.741 [restartedMain] INFO  springfox.documentation.spring.web.readers.operation.CachingOperationNameGenerator - Generating unique operation named: indexUsingGET_1
14:29:39.784 [restartedMain] INFO  springfox.documentation.spring.web.readers.operation.CachingOperationNameGenerator - Generating unique operation named: editUsingPOST_1
14:29:39.827 [restartedMain] INFO  com.xw.taes.TaesApplication - Started TaesApplication in 4.634 seconds (JVM running for 6.283)
14:29:53.773 [http-nio-9981-exec-1] INFO  org.apache.catalina.core.ContainerBase.[Tomcat].[localhost].[/] - Initializing Spring DispatcherServlet 'dispatcherServlet'
14:30:11.607 [http-nio-9981-exec-9] INFO  com.zaxxer.hikari.HikariDataSource - HikariPool-1 - Starting...
14:30:11.804 [http-nio-9981-exec-9] INFO  com.zaxxer.hikari.pool.PoolBase - HikariPool-1 - Driver does not support get/set network timeout for connections. (com.mysql.jdbc.JDBC4Connection.getNetworkTimeout()I)
14:30:11.808 [http-nio-9981-exec-9] INFO  com.zaxxer.hikari.HikariDataSource - HikariPool-1 - Start completed.
